\BOOKMARK [0][-]{chapter.1}{\376\377\000P\000r\000o\000b\000l\000e\000m\000\040\000D\000e\000f\000i\000n\000i\000t\000i\000o\000n}{}% 1
\BOOKMARK [0][-]{chapter.2}{\376\377\000K\000e\000y\000\040\000C\000o\000n\000c\000e\000p\000t\000s}{}% 2
\BOOKMARK [1][-]{subsection.2.0.1}{\376\377\000M\000Q\000T\000T}{chapter.2}% 3
\BOOKMARK [2][-]{subsection.2.0.2}{\376\377\000S\000S\000L\000/\000T\000L\000S}{subsection.2.0.1}% 4
\BOOKMARK [2][-]{subsection.2.0.3}{\376\377\000C\000e\000r\000t\000i\000f\000i\000c\000a\000t\000e\000\040\000A\000u\000t\000h\000o\000r\000i\000t\000y}{subsection.2.0.1}% 5
\BOOKMARK [0][-]{chapter.3}{\376\377\000T\000L\000S\000\040\000V\000u\000l\000n\000e\000r\000a\000b\000i\000l\000i\000t\000i\000e\000s}{}% 6
\BOOKMARK [0][-]{chapter.4}{\376\377\000T\000e\000s\000t\000\040\000S\000u\000i\000t\000e}{}% 7
\BOOKMARK [1][-]{subsection.4.0.1}{\376\377\000T\000e\000s\000t\000\040\000C\000a\000s\000e\000\040\0001\000\040\000-\000\040\000L\000e\000g\000a\000l\000\040\000C\000o\000n\000n\000e\000c\000t\000i\000o\000n}{chapter.4}% 8
\BOOKMARK [2][-]{subsection.4.0.2}{\376\377\000T\000e\000s\000t\000\040\000C\000a\000s\000e\000\040\0002\000\040\000-\000\040\000S\000e\000l\000f\000\040\000S\000i\000g\000n\000e\000d\000\040\000A\000t\000t\000a\000c\000k\000e\000r}{subsection.4.0.1}% 9
\BOOKMARK [2][-]{subsection.4.0.3}{\376\377\000T\000e\000s\000t\000\040\000C\000a\000s\000e\000\040\0003\000\040\000-\000\040\000S\000e\000l\000f\000\040\000S\000i\000g\000n\000e\000d\000\040\000A\000t\000t\000a\000c\000k\000e\000r\000'\000s\000\040\000F\000a\000k\000e\000\040\000C\000A}{subsection.4.0.1}% 10
\BOOKMARK [2][-]{subsection.4.0.4}{\376\377\000T\000e\000s\000t\000\040\000C\000a\000s\000e\000\040\0004\000\040\000-\000\040\000A\000l\000t\000e\000r\000a\000t\000i\000o\000n\000\040\0001\000\040\000\050\000C\000o\000m\000m\000o\000n\000\040\000N\000a\000m\000e\000\051}{subsection.4.0.1}% 11
\BOOKMARK [2][-]{subsection.4.0.5}{\376\377\000T\000e\000s\000t\000\040\000C\000a\000s\000e\000\040\0005\000\040\000-\000\040\000A\000l\000t\000e\000r\000a\000t\000i\000o\000n\000\040\0002\000\040\000\050\000E\000x\000p\000i\000r\000a\000t\000i\000o\000n\000\040\000D\000a\000t\000e\000\051}{subsection.4.0.1}% 12
\BOOKMARK [2][-]{subsection.4.0.6}{\376\377\000T\000e\000s\000t\000\040\000C\000a\000s\000e\000\040\0006\000\040\000-\000\040\000A\000l\000t\000e\000r\000a\000t\000i\000o\000n\000\040\0003\000\040\000\050\000P\000u\000b\000l\000i\000c\000\040\000K\000e\000y\000\051}{subsection.4.0.1}% 13
\BOOKMARK [2][-]{subsection.4.0.7}{\376\377\000T\000e\000s\000t\000\040\000C\000a\000s\000e\000\040\0007\000\040\000-\000\040\000E\000x\000p\000i\000r\000e\000d\000\040\000C\000A\000\040\000\050\000l\000t\000e\000r\000a\000t\000i\000o\000n\000\040\0004\000\051}{subsection.4.0.1}% 14
\BOOKMARK [2][-]{subsection.4.0.8}{\376\377\000T\000e\000s\000t\000\040\000C\000a\000s\000e\000\040\0008\000\040\000-\000\040\000C\000e\000r\000t\000i\000f\000i\000c\000a\000t\000e\000\040\000E\000x\000t\000e\000n\000s\000i\000o\000n}{subsection.4.0.1}% 15
\BOOKMARK [2][-]{subsection.4.0.9}{\376\377\000T\000e\000s\000t\000\040\000C\000a\000s\000e\000\040\0009\000\040\000-\000\040\000L\000o\000n\000g\000e\000r\000\040\000C\000h\000a\000i\000n\000\040\000O\000f\000\040\000T\000r\000u\000s\000t\000\040\000L\000e\000g\000a\000l\000\040\000C\000o\000n\000n\000e\000c\000t\000i\000o\000n}{subsection.4.0.1}% 16
\BOOKMARK [2][-]{subsection.4.0.10}{\376\377\000T\000e\000s\000t\000\040\000C\000a\000s\000e\000\040\0001\0000\000\040\000-\000\040\000A\000l\000t\000e\000r\000e\000d\000\040\000I\000n\000t\000e\000r\000m\000e\000d\000i\000a\000t\000e\000\040\000C\000A\000\040\000C\000o\000m\000m\000o\000n\000\040\000N\000a\000m\000e}{subsection.4.0.1}% 17
\BOOKMARK [2][-]{subsection.4.0.11}{\376\377\000T\000e\000s\000t\000\040\000C\000a\000s\000e\000\040\0001\0001\000\040\000-\000\040\000A\000l\000t\000e\000r\000e\000d\000\040\000I\000n\000t\000e\000r\000m\000e\000d\000i\000a\000t\000e\000\040\000C\000A\000\040\000P\000u\000b\000l\000i\000c\000\040\000K\000e\000y}{subsection.4.0.1}% 18
\BOOKMARK [0][-]{chapter.5}{\376\377\000C\000o\000d\000e\000\040\000D\000e\000v\000e\000l\000o\000p\000e\000d}{}% 19
\BOOKMARK [1][-]{subsection.5.0.1}{\376\377\000T\000L\000S\000\040\000C\000e\000r\000t\000i\000f\000i\000c\000a\000t\000e\000s\000\040\000G\000e\000n\000e\000r\000a\000t\000i\000o\000n\000\040\000S\000c\000r\000i\000p\000t}{chapter.5}% 20
\BOOKMARK [2][-]{subsection.5.0.2}{\376\377\000T\000L\000S\000\040\000C\000e\000r\000t\000i\000f\000i\000c\000a\000t\000e\000\040\000A\000l\000t\000e\000r\000a\000t\000i\000o\000n\000\040\000S\000c\000r\000i\000p\000t\000s}{subsection.5.0.1}% 21
\BOOKMARK [2][-]{subsection.5.0.3}{\376\377\000T\000L\000S\000\040\000C\000e\000r\000t\000i\000f\000i\000c\000a\000t\000e\000\040\000K\000e\000y\000s\000t\000o\000r\000e\000s\000\040\000G\000e\000n\000e\000r\000a\000t\000i\000o\000n\000\040\000S\000c\000r\000i\000p\000t}{subsection.5.0.1}% 22
\BOOKMARK [2][-]{subsection.5.0.4}{\376\377\000M\000Q\000T\000T\000\040\000C\000l\000i\000e\000n\000t\000\040\000T\000e\000s\000t\000e\000r\000\040\000S\000c\000r\000i\000p\000t}{subsection.5.0.1}% 23
\BOOKMARK [2][-]{subsection.5.0.5}{\376\377\000L\000i\000b\000r\000a\000r\000y\000\040\000T\000e\000s\000t\000e\000r\000\040\000S\000c\000r\000i\000p\000t}{subsection.5.0.1}% 24
\BOOKMARK [0][-]{chapter.6}{\376\377\000T\000e\000s\000t\000e\000d\000\040\000M\000Q\000T\000T\000\040\000L\000i\000b\000r\000a\000r\000i\000e\000s}{}% 25
\BOOKMARK [0][-]{chapter.7}{\376\377\000T\000e\000s\000t\000\040\000R\000e\000s\000u\000l\000t\000s}{}% 26
\BOOKMARK [0][-]{chapter.8}{\376\377\000D\000o\000c\000k\000e\000r\000\040\000T\000e\000s\000t\000\040\000E\000n\000v\000i\000r\000o\000n\000m\000e\000n\000t}{}% 27
\BOOKMARK [1][-]{subsection.8.0.1}{\376\377\000M\000Q\000T\000T\000\040\000C\000l\000i\000e\000n\000t\000\040\000T\000e\000s\000t\000e\000r\000\040\000I\000m\000a\000g\000e}{chapter.8}% 28
\BOOKMARK [2][-]{subsection.8.0.2}{\376\377\000M\000o\000q\000u\000e\000t\000t\000e\000\040\000M\000Q\000T\000T\000\040\000S\000e\000r\000v\000e\000r\000\040\000I\000m\000a\000g\000e}{subsection.8.0.1}% 29
\BOOKMARK [2][-]{subsection.8.0.3}{\376\377\000A\000e\000d\000e\000s\000\040\000M\000Q\000T\000T\000\040\000S\000e\000r\000v\000e\000r\000\040\000I\000m\000a\000g\000e}{subsection.8.0.1}% 30
\BOOKMARK [0][-]{chapter.9}{\376\377\000R\000o\000u\000t\000e\000r\000O\000S\000\040\000C\000H\000R\000\040\000T\000e\000s\000t\000s}{}% 31
\BOOKMARK [0][-]{chapter.10}{\376\377\000C\000o\000n\000c\000l\000u\000s\000i\000o\000n}{}% 32
